# JRE version: OpenJDK Runtime Environment Temurin-17.0.6+10 (17.0.6+10) (build 17.0.6+10)
# Java VM: OpenJDK 64-Bit Server VM Temurin-17.0.6+10 (17.0.6+10, mixed mode, sharing, tiered, compressed oops, compressed class ptrs, g1 gc, windows-amd64)
GC Precious Log:
 CPUs: 4 total, 4 available
 Memory: 16323M
 Large Page Support: Disabled
 NUMA Support: Disabled
 Compressed Oops: Enabled (32-bit)
 Heap Region Size: 1M
 Heap Min Capacity: 8M
 Heap Initial Capacity: 256M
 Heap Max Capacity: 1G
 Pre-touch: Disabled
 Parallel Workers: 4
 Concurrent Workers: 1
 Concurrent Refinement Workers: 4
 Periodic GC: Disabled
Heap:
 garbage-first heap   total 268288K, used 186201K [0x00000000c0000000, 0x0000000100000000)
  region size 1024K, 6 young (6144K), 6 survivors (6144K)
 Metaspace       used 96237K, committed 96960K, reserved 1138688K
  class space    used 12131K, committed 12480K, reserved 1048576K
GC Heap History (20 events):
Event: 1018.261 GC heap after
{Heap after GC invocations=100 (full 5):
 garbage-first heap   total 235520K, used 74080K [0x00000000c0000000, 0x0000000100000000)
  region size 1024K, 5 young (5120K), 5 survivors (5120K)
 Metaspace       used 93971K, committed 94848K, reserved 1138688K
  class space    used 11879K, committed 12352K, reserved 1048576K
}
Event: 1018.492 GC heap before
{Heap before GC invocations=101 (full 5):
 garbage-first heap   total 235520K, used 101728K [0x00000000c0000000, 0x0000000100000000)
  region size 1024K, 31 young (31744K), 5 survivors (5120K)
 Metaspace       used 94018K, committed 94912K, reserved 1138688K
  class space    used 11884K, committed 12352K, reserved 1048576K
}
Event: 1018.500 GC heap after
{Heap after GC invocations=102 (full 5):
 garbage-first heap   total 235520K, used 82957K [0x00000000c0000000, 0x0000000100000000)
  region size 1024K, 10 young (10240K), 10 survivors (10240K)
 Metaspace       used 94018K, committed 94912K, reserved 1138688K
  class space    used 11884K, committed 12352K, reserved 1048576K
}
Event: 1019.093 GC heap before
{Heap before GC invocations=103 (full 5):
 garbage-first heap   total 235520K, used 161805K [0x00000000c0000000, 0x0000000100000000)
  region size 1024K, 83 young (84992K), 10 survivors (10240K)
 Metaspace       used 95396K, committed 96128K, reserved 1138688K
  class space    used 12077K, committed 12416K, reserved 1048576K
}
Event: 1019.106 GC heap after
{Heap after GC invocations=104 (full 5):
 garbage-first heap   total 235520K, used 96067K [0x00000000c0000000, 0x0000000100000000)
  region size 1024K, 9 young (9216K), 9 survivors (9216K)
 Metaspace       used 95396K, committed 96128K, reserved 1138688K
  class space    used 12077K, committed 12416K, reserved 1048576K
}
Event: 1019.392 GC heap before
{Heap before GC invocations=104 (full 5):
 garbage-first heap   total 235520K, used 166723K [0x00000000c0000000, 0x0000000100000000)
  region size 1024K, 78 young (79872K), 9 survivors (9216K)
 Metaspace       used 95752K, committed 96512K, reserved 1138688K
  class space    used 12109K, committed 12480K, reserved 1048576K
}
Event: 1019.411 GC heap after
{Heap after GC invocations=105 (full 5):
 garbage-first heap   total 235520K, used 126208K [0x00000000c0000000, 0x0000000100000000)
  region size 1024K, 10 young (10240K), 10 survivors (10240K)
 Metaspace       used 95752K, committed 96512K, reserved 1138688K
  class space    used 12109K, committed 12480K, reserved 1048576K
}
Event: 1019.803 GC heap before
{Heap before GC invocations=106 (full 5):
 garbage-first heap   total 235520K, used 176384K [0x00000000c0000000, 0x0000000100000000)
  region size 1024K, 59 young (60416K), 10 survivors (10240K)
 Metaspace       used 95752K, committed 96512K, reserved 1138688K
  class space    used 12109K, committed 12480K, reserved 1048576K
}
Event: 1019.822 GC heap after
{Heap after GC invocations=107 (full 5):
 garbage-first heap   total 235520K, used 133984K [0x00000000c0000000, 0x0000000100000000)
  region size 1024K, 7 young (7168K), 7 survivors (7168K)
 Metaspace       used 95752K, committed 96512K, reserved 1138688K
  class space    used 12109K, committed 12480K, reserved 1048576K
}
Event: 1020.804 GC heap before
{Heap before GC invocations=107 (full 5):
 garbage-first heap   total 235520K, used 182112K [0x00000000c0000000, 0x0000000100000000)
  region size 1024K, 54 young (55296K), 7 survivors (7168K)
 Metaspace       used 96218K, committed 96960K, reserved 1138688K
  class space    used 12131K, committed 12480K, reserved 1048576K
}
Event: 1020.820 GC heap after
{Heap after GC invocations=108 (full 5):
 garbage-first heap   total 268288K, used 135701K [0x00000000c0000000, 0x0000000100000000)
  region size 1024K, 4 young (4096K), 4 survivors (4096K)
 Metaspace       used 96218K, committed 96960K, reserved 1138688K
  class space    used 12131K, committed 12480K, reserved 1048576K
}
Event: 1021.452 GC heap before
{Heap before GC invocations=109 (full 5):
 garbage-first heap   total 268288K, used 198165K [0x00000000c0000000, 0x0000000100000000)
  region size 1024K, 66 young (67584K), 4 survivors (4096K)
 Metaspace       used 96237K, committed 96960K, reserved 1138688K
  class space    used 12131K, committed 12480K, reserved 1048576K
}
Event: 1021.469 GC heap after
{Heap after GC invocations=110 (full 5):
 garbage-first heap   total 268288K, used 165216K [0x00000000c0000000, 0x0000000100000000)
  region size 1024K, 9 young (9216K), 9 survivors (9216K)
 Metaspace       used 96237K, committed 96960K, reserved 1138688K
  class space    used 12131K, committed 12480K, reserved 1048576K
}
Event: 1021.472 GC heap before
{Heap before GC invocations=110 (full 5):
 garbage-first heap   total 268288K, used 168288K [0x00000000c0000000, 0x0000000100000000)
  region size 1024K, 13 young (13312K), 9 survivors (9216K)
 Metaspace       used 96237K, committed 96960K, reserved 1138688K
  class space    used 12131K, committed 12480K, reserved 1048576K
}
Event: 1021.493 GC heap after
{Heap after GC invocations=111 (full 5):
 garbage-first heap   total 268288K, used 161960K [0x00000000c0000000, 0x0000000100000000)
  region size 1024K, 2 young (2048K), 2 survivors (2048K)
 Metaspace       used 96237K, committed 96960K, reserved 1138688K
  class space    used 12131K, committed 12480K, reserved 1048576K
}
Event: 1021.517 GC heap before
{Heap before GC invocations=111 (full 5):
 garbage-first heap   total 268288K, used 207016K [0x00000000c0000000, 0x0000000100000000)
  region size 1024K, 47 young (48128K), 2 survivors (2048K)
 Metaspace       used 96237K, committed 96960K, reserved 1138688K
  class space    used 12131K, committed 12480K, reserved 1048576K
}
Event: 1021.521 GC heap after
{Heap after GC invocations=112 (full 5):
 garbage-first heap   total 268288K, used 172834K [0x00000000c0000000, 0x0000000100000000)
  region size 1024K, 6 young (6144K), 6 survivors (6144K)
 Metaspace       used 96237K, committed 96960K, reserved 1138688K
  class space    used 12131K, committed 12480K, reserved 1048576K
}
Event: 1021.554 GC heap before
{Heap before GC invocations=112 (full 5):
 garbage-first heap   total 268288K, used 212770K [0x00000000c0000000, 0x0000000100000000)
  region size 1024K, 46 young (47104K), 6 survivors (6144K)
 Metaspace       used 96237K, committed 96960K, reserved 1138688K
  class space    used 12131K, committed 12480K, reserved 1048576K
}
Event: 1021.560 GC heap after
{Heap after GC invocations=113 (full 5):
 garbage-first heap   total 268288K, used 179490K [0x00000000c0000000, 0x0000000100000000)
  region size 1024K, 6 young (6144K), 6 survivors (6144K)
 Metaspace       used 96237K, committed 96960K, reserved 1138688K
  class space    used 12131K, committed 12480K, reserved 1048576K
}
Event: 1021.584 GC heap before
{Heap before GC invocations=113 (full 5):
 garbage-first heap   total 268288K, used 217378K [0x00000000c0000000, 0x0000000100000000)
  region size 1024K, 44 young (45056K), 6 survivors (6144K)
 Metaspace       used 96237K, committed 96960K, reserved 1138688K
  class space    used 12131K, committed 12480K, reserved 1048576K
}

