# JRE version: OpenJDK Runtime Environment Temurin-17.0.6+10 (17.0.6+10) (build 17.0.6+10)
# Java VM: OpenJDK 64-Bit Server VM Temurin-17.0.6+10 (17.0.6+10, mixed mode, sharing, tiered, compressed oops, compressed class ptrs, g1 gc, windows-amd64)
GC Precious Log:
 CPUs: 4 total, 4 available
 Memory: 16323M
 Large Page Support: Disabled
 NUMA Support: Disabled
 Compressed Oops: Enabled (32-bit)
 Heap Region Size: 1M
 Heap Min Capacity: 8M
 Heap Initial Capacity: 256M
 Heap Max Capacity: 1G
 Pre-touch: Disabled
 Parallel Workers: 4
 Concurrent Workers: 1
 Concurrent Refinement Workers: 4
 Periodic GC: Disabled
Heap:
 garbage-first heap   total 285696K, used 145362K [0x00000000c0000000, 0x0000000100000000)
  region size 1024K, 2 young (2048K), 2 survivors (2048K)
 Metaspace       used 89052K, committed 89920K, reserved 1130496K
  class space    used 11277K, committed 11648K, reserved 1048576K
GC Heap History (20 events):
Event: 160.037 GC heap after
{Heap after GC invocations=79 (full 3):
 garbage-first heap   total 232448K, used 97278K [0x00000000c0000000, 0x0000000100000000)
  region size 1024K, 9 young (9216K), 9 survivors (9216K)
 Metaspace       used 88774K, committed 89600K, reserved 1130496K
  class space    used 11280K, committed 11648K, reserved 1048576K
}
Event: 160.319 GC heap before
{Heap before GC invocations=79 (full 3):
 garbage-first heap   total 232448K, used 154622K [0x00000000c0000000, 0x0000000100000000)
  region size 1024K, 65 young (66560K), 9 survivors (9216K)
 Metaspace       used 90486K, committed 91264K, reserved 1130496K
  class space    used 11504K, committed 11840K, reserved 1048576K
}
Event: 160.337 GC heap after
{Heap after GC invocations=80 (full 3):
 garbage-first heap   total 232448K, used 123983K [0x00000000c0000000, 0x0000000100000000)
  region size 1024K, 9 young (9216K), 9 survivors (9216K)
 Metaspace       used 90486K, committed 91264K, reserved 1130496K
  class space    used 11504K, committed 11840K, reserved 1048576K
}
Event: 160.555 GC heap before
{Heap before GC invocations=81 (full 3):
 garbage-first heap   total 252928K, used 162895K [0x00000000c0000000, 0x0000000100000000)
  region size 1024K, 47 young (48128K), 9 survivors (9216K)
 Metaspace       used 90486K, committed 91264K, reserved 1130496K
  class space    used 11504K, committed 11840K, reserved 1048576K
}
Event: 160.574 GC heap after
{Heap after GC invocations=82 (full 3):
 garbage-first heap   total 252928K, used 130772K [0x00000000c0000000, 0x0000000100000000)
  region size 1024K, 6 young (6144K), 6 survivors (6144K)
 Metaspace       used 90486K, committed 91264K, reserved 1130496K
  class space    used 11504K, committed 11840K, reserved 1048576K
}
Event: 160.801 GC heap before
{Heap before GC invocations=82 (full 3):
 garbage-first heap   total 252928K, used 179924K [0x00000000c0000000, 0x0000000100000000)
  region size 1024K, 54 young (55296K), 6 survivors (6144K)
 Metaspace       used 90565K, committed 91328K, reserved 1130496K
  class space    used 11509K, committed 11840K, reserved 1048576K
}
Event: 160.817 GC heap after
{Heap after GC invocations=83 (full 3):
 garbage-first heap   total 252928K, used 136982K [0x00000000c0000000, 0x0000000100000000)
  region size 1024K, 6 young (6144K), 6 survivors (6144K)
 Metaspace       used 90565K, committed 91328K, reserved 1130496K
  class space    used 11509K, committed 11840K, reserved 1048576K
}
Event: 161.807 GC heap before
{Heap before GC invocations=84 (full 3):
 garbage-first heap   total 252928K, used 186134K [0x00000000c0000000, 0x0000000100000000)
  region size 1024K, 55 young (56320K), 6 survivors (6144K)
 Metaspace       used 90952K, committed 91712K, reserved 1130496K
  class space    used 11526K, committed 11904K, reserved 1048576K
}
Event: 161.820 GC heap after
{Heap after GC invocations=85 (full 3):
 garbage-first heap   total 252928K, used 148877K [0x00000000c0000000, 0x0000000100000000)
  region size 1024K, 7 young (7168K), 7 survivors (7168K)
 Metaspace       used 90952K, committed 91712K, reserved 1130496K
  class space    used 11526K, committed 11904K, reserved 1048576K
}
Event: 161.827 GC heap before
{Heap before GC invocations=85 (full 3):
 garbage-first heap   total 252928K, used 153997K [0x00000000c0000000, 0x0000000100000000)
  region size 1024K, 12 young (12288K), 7 survivors (7168K)
 Metaspace       used 90952K, committed 91712K, reserved 1130496K
  class space    used 11526K, committed 11904K, reserved 1048576K
}
Event: 161.839 GC heap after
{Heap after GC invocations=86 (full 3):
 garbage-first heap   total 285696K, used 154383K [0x00000000c0000000, 0x0000000100000000)
  region size 1024K, 2 young (2048K), 2 survivors (2048K)
 Metaspace       used 90952K, committed 91712K, reserved 1130496K
  class space    used 11526K, committed 11904K, reserved 1048576K
}
Event: 161.951 GC heap before
{Heap before GC invocations=86 (full 3):
 garbage-first heap   total 285696K, used 207631K [0x00000000c0000000, 0x0000000100000000)
  region size 1024K, 55 young (56320K), 2 survivors (2048K)
 Metaspace       used 90954K, committed 91712K, reserved 1130496K
  class space    used 11526K, committed 11904K, reserved 1048576K
}
Event: 161.962 GC heap after
{Heap after GC invocations=87 (full 3):
 garbage-first heap   total 285696K, used 172815K [0x00000000c0000000, 0x0000000100000000)
  region size 1024K, 7 young (7168K), 7 survivors (7168K)
 Metaspace       used 90954K, committed 91712K, reserved 1130496K
  class space    used 11526K, committed 11904K, reserved 1048576K
}
Event: 162.052 GC heap before
{Heap before GC invocations=87 (full 3):
 garbage-first heap   total 285696K, used 218895K [0x00000000c0000000, 0x0000000100000000)
  region size 1024K, 53 young (54272K), 7 survivors (7168K)
 Metaspace       used 90954K, committed 91712K, reserved 1130496K
  class space    used 11526K, committed 11904K, reserved 1048576K
}
Event: 162.066 GC heap after
{Heap after GC invocations=88 (full 3):
 garbage-first heap   total 285696K, used 182031K [0x00000000c0000000, 0x0000000100000000)
  region size 1024K, 7 young (7168K), 7 survivors (7168K)
 Metaspace       used 90954K, committed 91712K, reserved 1130496K
  class space    used 11526K, committed 11904K, reserved 1048576K
}
Event: 162.158 GC heap before
{Heap before GC invocations=88 (full 3):
 garbage-first heap   total 285696K, used 187151K [0x00000000c0000000, 0x0000000100000000)
  region size 1024K, 48 young (49152K), 7 survivors (7168K)
 Metaspace       used 89051K, committed 89920K, reserved 1130496K
  class space    used 11277K, committed 11648K, reserved 1048576K
}
Event: 162.165 GC heap after
{Heap after GC invocations=89 (full 3):
 garbage-first heap   total 285696K, used 154312K [0x00000000c0000000, 0x0000000100000000)
  region size 1024K, 6 young (6144K), 6 survivors (6144K)
 Metaspace       used 89051K, committed 89920K, reserved 1130496K
  class space    used 11277K, committed 11648K, reserved 1048576K
}
Event: 162.233 GC heap before
{Heap before GC invocations=90 (full 3):
 garbage-first heap   total 285696K, used 209608K [0x00000000c0000000, 0x0000000100000000)
  region size 1024K, 61 young (62464K), 6 survivors (6144K)
 Metaspace       used 89052K, committed 89920K, reserved 1130496K
  class space    used 11277K, committed 11648K, reserved 1048576K
}
Event: 162.248 GC heap after
{Heap after GC invocations=91 (full 3):
 garbage-first heap   total 285696K, used 162795K [0x00000000c0000000, 0x0000000100000000)
  region size 1024K, 8 young (8192K), 8 survivors (8192K)
 Metaspace       used 89052K, committed 89920K, reserved 1130496K
  class space    used 11277K, committed 11648K, reserved 1048576K
}
Event: 162.253 GC heap before
{Heap before GC invocations=91 (full 3):
 garbage-first heap   total 285696K, used 166891K [0x00000000c0000000, 0x0000000100000000)
  region size 1024K, 13 young (13312K), 8 survivors (8192K)
 Metaspace       used 89052K, committed 89920K, reserved 1130496K
  class space    used 11277K, committed 11648K, reserved 1048576K
}

